# JRE version: OpenJDK Runtime Environment Temurin-17.0.11+9 (17.0.11+9) (build 17.0.11+9)
# Java VM: OpenJDK 64-Bit Server VM Temurin-17.0.11+9 (17.0.11+9, mixed mode, sharing, tiered, compressed oops, compressed class ptrs, g1 gc, windows-amd64)
GC Precious Log:
 CPUs: 12 total, 12 available
 Memory: 16238M
 Large Page Support: Disabled
 NUMA Support: Disabled
 Compressed Oops: Enabled (32-bit)
 Heap Region Size: 1M
 Heap Min Capacity: 256M
 Heap Initial Capacity: 256M
 Heap Max Capacity: 512M
 Pre-touch: Disabled
 Parallel Workers: 10
 Concurrent Workers: 3
 Concurrent Refinement Workers: 10
 Periodic GC: Disabled
Heap:
 garbage-first heap   total 262144K, used 149178K [0x00000000e0000000, 0x0000000100000000)
  region size 1024K, 5 young (5120K), 1 survivors (1024K)
 Metaspace       used 53189K, committed 54080K, reserved 278528K
  class space    used 7339K, committed 7680K, reserved 212992K
GC Heap History (20 events):
Event: 5.444 GC heap before
{Heap before GC invocations=4 (full 0):
 garbage-first heap   total 262144K, used 140496K [0x00000000e0000000, 0x0000000100000000)
  region size 1024K, 126 young (129024K), 12 survivors (12288K)
 Metaspace       used 35580K, committed 35968K, reserved 278528K
  class space    used 4916K, committed 5120K, reserved 212992K
}
Event: 5.456 GC heap after
{Heap after GC invocations=5 (full 0):
 garbage-first heap   total 262144K, used 33240K [0x00000000e0000000, 0x0000000100000000)
  region size 1024K, 17 young (17408K), 17 survivors (17408K)
 Metaspace       used 35580K, committed 35968K, reserved 278528K
  class space    used 4916K, committed 5120K, reserved 212992K
}
Event: 7.606 GC heap before
{Heap before GC invocations=6 (full 0):
 garbage-first heap   total 262144K, used 174552K [0x00000000e0000000, 0x0000000100000000)
  region size 1024K, 153 young (156672K), 17 survivors (17408K)
 Metaspace       used 46015K, committed 46592K, reserved 278528K
  class space    used 6456K, committed 6720K, reserved 212992K
}
Event: 7.626 GC heap after
{Heap after GC invocations=7 (full 0):
 garbage-first heap   total 262144K, used 44857K [0x00000000e0000000, 0x0000000100000000)
  region size 1024K, 20 young (20480K), 20 survivors (20480K)
 Metaspace       used 46015K, committed 46592K, reserved 278528K
  class space    used 6456K, committed 6720K, reserved 212992K
}
Event: 9.100 GC heap before
{Heap before GC invocations=7 (full 0):
 garbage-first heap   total 262144K, used 182073K [0x00000000e0000000, 0x0000000100000000)
  region size 1024K, 153 young (156672K), 20 survivors (20480K)
 Metaspace       used 50179K, committed 50752K, reserved 278528K
  class space    used 7094K, committed 7360K, reserved 212992K
}
Event: 9.130 GC heap after
{Heap after GC invocations=8 (full 0):
 garbage-first heap   total 262144K, used 74999K [0x00000000e0000000, 0x0000000100000000)
  region size 1024K, 20 young (20480K), 20 survivors (20480K)
 Metaspace       used 50179K, committed 50752K, reserved 278528K
  class space    used 7094K, committed 7360K, reserved 212992K
}
Event: 10.426 GC heap before
{Heap before GC invocations=8 (full 0):
 garbage-first heap   total 262144K, used 186615K [0x00000000e0000000, 0x0000000100000000)
  region size 1024K, 128 young (131072K), 20 survivors (20480K)
 Metaspace       used 50985K, committed 51584K, reserved 278528K
  class space    used 7145K, committed 7424K, reserved 212992K
}
Event: 10.456 GC heap after
{Heap after GC invocations=9 (full 0):
 garbage-first heap   total 262144K, used 102443K [0x00000000e0000000, 0x0000000100000000)
  region size 1024K, 16 young (16384K), 16 survivors (16384K)
 Metaspace       used 50985K, committed 51584K, reserved 278528K
  class space    used 7145K, committed 7424K, reserved 212992K
}
Event: 11.367 GC heap before
{Heap before GC invocations=9 (full 0):
 garbage-first heap   total 262144K, used 192555K [0x00000000e0000000, 0x0000000100000000)
  region size 1024K, 100 young (102400K), 16 survivors (16384K)
 Metaspace       used 52344K, committed 52928K, reserved 278528K
  class space    used 7307K, committed 7552K, reserved 212992K
}
Event: 11.394 GC heap after
{Heap after GC invocations=10 (full 0):
 garbage-first heap   total 262144K, used 135680K [0x00000000e0000000, 0x0000000100000000)
  region size 1024K, 13 young (13312K), 13 survivors (13312K)
 Metaspace       used 52344K, committed 52928K, reserved 278528K
  class space    used 7307K, committed 7552K, reserved 212992K
}
Event: 11.632 GC heap before
{Heap before GC invocations=10 (full 0):
 garbage-first heap   total 262144K, used 194048K [0x00000000e0000000, 0x0000000100000000)
  region size 1024K, 70 young (71680K), 13 survivors (13312K)
 Metaspace       used 52445K, committed 53056K, reserved 278528K
  class space    used 7309K, committed 7552K, reserved 212992K
}
Event: 11.648 GC heap after
{Heap after GC invocations=11 (full 0):
 garbage-first heap   total 262144K, used 153176K [0x00000000e0000000, 0x0000000100000000)
  region size 1024K, 9 young (9216K), 9 survivors (9216K)
 Metaspace       used 52445K, committed 53056K, reserved 278528K
  class space    used 7309K, committed 7552K, reserved 212992K
}
Event: 12.193 GC heap before
{Heap before GC invocations=12 (full 0):
 garbage-first heap   total 262144K, used 183896K [0x00000000e0000000, 0x0000000100000000)
  region size 1024K, 55 young (56320K), 9 survivors (9216K)
 Metaspace       used 52782K, committed 53376K, reserved 278528K
  class space    used 7347K, committed 7616K, reserved 212992K
}
Event: 12.205 GC heap after
{Heap after GC invocations=13 (full 0):
 garbage-first heap   total 262144K, used 152625K [0x00000000e0000000, 0x0000000100000000)
  region size 1024K, 7 young (7168K), 7 survivors (7168K)
 Metaspace       used 52782K, committed 53376K, reserved 278528K
  class space    used 7347K, committed 7616K, reserved 212992K
}
Event: 12.220 GC heap before
{Heap before GC invocations=13 (full 0):
 garbage-first heap   total 262144K, used 157745K [0x00000000e0000000, 0x0000000100000000)
  region size 1024K, 12 young (12288K), 7 survivors (7168K)
 Metaspace       used 52786K, committed 53376K, reserved 278528K
  class space    used 7347K, committed 7616K, reserved 212992K
}
Event: 12.229 GC heap after
{Heap after GC invocations=14 (full 0):
 garbage-first heap   total 262144K, used 143042K [0x00000000e0000000, 0x0000000100000000)
  region size 1024K, 2 young (2048K), 2 survivors (2048K)
 Metaspace       used 52786K, committed 53376K, reserved 278528K
  class space    used 7347K, committed 7616K, reserved 212992K
}
Event: 2383.551 GC heap before
{Heap before GC invocations=14 (full 0):
 garbage-first heap   total 262144K, used 194242K [0x00000000e0000000, 0x0000000100000000)
  region size 1024K, 52 young (53248K), 2 survivors (2048K)
 Metaspace       used 53478K, committed 54080K, reserved 278528K
  class space    used 7407K, committed 7680K, reserved 212992K
}
Event: 2383.559 GC heap after
{Heap after GC invocations=15 (full 0):
 garbage-first heap   total 262144K, used 147343K [0x00000000e0000000, 0x0000000100000000)
  region size 1024K, 7 young (7168K), 7 survivors (7168K)
 Metaspace       used 53478K, committed 54080K, reserved 278528K
  class space    used 7407K, committed 7680K, reserved 212992K
}
Event: 5546.857 GC heap before
{Heap before GC invocations=16 (full 0):
 garbage-first heap   total 262144K, used 194447K [0x00000000e0000000, 0x0000000100000000)
  region size 1024K, 56 young (57344K), 7 survivors (7168K)
 Metaspace       used 53189K, committed 54080K, reserved 278528K
  class space    used 7339K, committed 7680K, reserved 212992K
}
Event: 5546.927 GC heap after
{Heap after GC invocations=17 (full 0):
 garbage-first heap   total 262144K, used 146106K [0x00000000e0000000, 0x0000000100000000)
  region size 1024K, 1 young (1024K), 1 survivors (1024K)
 Metaspace       used 53189K, committed 54080K, reserved 278528K
  class space    used 7339K, committed 7680K, reserved 212992K
}

